[0;32m✓[0m 16:24:34 开始监控：/Users/sunminwen/Documents/GitHub/smwswk.github.io/photo
[0;32m✓[0m 16:24:34 开始监控：/Users/sunminwen/Documents/GitHub/smwswk.github.io/photo
[0;36m→[0m 16:24:34 只需把图片拖到 photo/ 文件夹，会自动处理并上传
[0;36m→[0m 16:24:34 只需把图片拖到 photo/ 文件夹，会自动处理并上传
[0;36m→[0m 16:24:34 停止监控：bash watch_photos.sh stop
[0;36m→[0m 16:24:34 停止监控：bash watch_photos.sh stop

[0;36m→[0m 16:27:40 检测到新图片，开始同步...
[0;36m→[0m 16:27:40 检测到新图片，开始同步...

[1m═══ SMWSWK Photo Sync ═══[0m

[0;32m✓[0m 发现 2 张照片，开始处理...
[0;32m✓[0m 图片同步完成：2 张
[0;36m→[0m 生成图库数据：6 张
[0;36m→[0m 构建 Hugo 站点...
 Paginator pages  │  0 
 Non-page files   │  0 
 Static files     │ 28 
[0;32m✓[0m Hugo 构建完成
[master 45be775] 📷 sync: 2026-04-22 16:27 — file
 1 file changed, 0 insertions(+), 0 deletions(-)
 create mode 100644 photo/.DS_Store
To github.com:smwswk/smwswk.github.io.git
   3e70bb3..45be775  master -> master
[0;32m✓[0m 已推送到 GitHub

[1m✓ 完成[0m

[0;32m✓[0m 16:27:49 同步完成
[0;32m✓[0m 16:27:49 同步完成

[0;36m→[0m 16:27:51 检测到新图片，开始同步...
[0;36m→[0m 16:27:51 检测到新图片，开始同步...

[1m═══ SMWSWK Photo Sync ═══[0m

[0;32m✓[0m 发现 6 张照片，开始处理...
[0;32m✓[0m 图片同步完成：6 张
[0;36m→[0m 生成图库数据：6 张
[0;36m→[0m 构建 Hugo 站点...
 Paginator pages  │  0 
 Non-page files   │  0 
 Static files     │ 28 
[0;32m✓[0m Hugo 构建完成
[0;36m→[0m 没有新的 Git 变更

[1m✓ 完成[0m

[0;32m✓[0m 16:27:55 同步完成
[0;32m✓[0m 16:27:55 同步完成

[0;36m→[0m 16:27:57 检测到新图片，开始同步...
[0;36m→[0m 16:27:57 检测到新图片，开始同步...

[1m═══ SMWSWK Photo Sync ═══[0m

[0;32m✓[0m 发现 6 张照片，开始处理...
[0;32m✓[0m 图片同步完成：6 张
[0;36m→[0m 生成图库数据：6 张
[0;36m→[0m 构建 Hugo 站点...
 Paginator pages  │  0 
 Non-page files   │  0 
 Static files     │ 28 
[0;32m✓[0m Hugo 构建完成
[0;36m→[0m 没有新的 Git 变更

[1m✓ 完成[0m

[0;32m✓[0m 16:27:59 同步完成
[0;32m✓[0m 16:27:59 同步完成

[0;36m→[0m 16:28:01 检测到新图片，开始同步...
[0;36m→[0m 16:28:01 检测到新图片，开始同步...

[1m═══ SMWSWK Photo Sync ═══[0m

[0;32m✓[0m 发现 6 张照片，开始处理...
[0;32m✓[0m 图片同步完成：6 张
[0;36m→[0m 生成图库数据：6 张
[0;36m→[0m 构建 Hugo 站点...
 Paginator pages  │  0 
 Non-page files   │  0 
 Static files     │ 28 
[0;32m✓[0m Hugo 构建完成
[0;36m→[0m 没有新的 Git 变更

[1m✓ 完成[0m

[0;32m✓[0m 16:28:04 同步完成
[0;32m✓[0m 16:28:04 同步完成

[0;36m→[0m 16:28:06 检测到新图片，开始同步...
[0;36m→[0m 16:28:06 检测到新图片，开始同步...

[1m═══ SMWSWK Photo Sync ═══[0m

[0;32m✓[0m 发现 6 张照片，开始处理...
[0;32m✓[0m 图片同步完成：6 张
[0;36m→[0m 生成图库数据：6 张
[0;36m→[0m 构建 Hugo 站点...
 Paginator pages  │  0 
 Non-page files   │  0 
 Static files     │ 28 
[0;32m✓[0m Hugo 构建完成
[0;36m→[0m 没有新的 Git 变更

[1m✓ 完成[0m

[0;32m✓[0m 16:28:08 同步完成
[0;32m✓[0m 16:28:08 同步完成

[0;36m→[0m 16:28:10 检测到新图片，开始同步...
[0;36m→[0m 16:28:10 检测到新图片，开始同步...

[1m═══ SMWSWK Photo Sync ═══[0m

[0;32m✓[0m 发现 6 张照片，开始处理...
[0;32m✓[0m 图片同步完成：6 张
[0;36m→[0m 生成图库数据：6 张
[0;36m→[0m 构建 Hugo 站点...
 Paginator pages  │  0 
 Non-page files   │  0 
 Static files     │ 28 
[0;32m✓[0m Hugo 构建完成
[0;36m→[0m 没有新的 Git 变更

[1m✓ 完成[0m

[0;32m✓[0m 16:28:13 同步完成
[0;32m✓[0m 16:28:13 同步完成

[0;36m→[0m 16:28:15 检测到新图片，开始同步...
[0;36m→[0m 16:28:15 检测到新图片，开始同步...

[1m═══ SMWSWK Photo Sync ═══[0m

[0;32m✓[0m 发现 6 张照片，开始处理...
[0;32m✓[0m 图片同步完成：6 张
[0;36m→[0m 生成图库数据：6 张
[0;36m→[0m 构建 Hugo 站点...
 Paginator pages  │  0 
 Non-page files   │  0 
 Static files     │ 28 
[0;32m✓[0m Hugo 构建完成
[0;36m→[0m 没有新的 Git 变更

[1m✓ 完成[0m

[0;32m✓[0m 16:28:17 同步完成
[0;32m✓[0m 16:28:17 同步完成

[0;36m→[0m 16:28:19 检测到新图片，开始同步...
[0;36m→[0m 16:28:19 检测到新图片，开始同步...

[1m═══ SMWSWK Photo Sync ═══[0m

[0;32m✓[0m 发现 6 张照片，开始处理...
[0;32m✓[0m 图片同步完成：6 张
[0;36m→[0m 生成图库数据：6 张
[0;36m→[0m 构建 Hugo 站点...
 Paginator pages  │  0 
 Non-page files   │  0 
 Static files     │ 28 
[0;32m✓[0m Hugo 构建完成
[0;36m→[0m 没有新的 Git 变更

[1m✓ 完成[0m

[0;32m✓[0m 16:28:21 同步完成
[0;32m✓[0m 16:28:21 同步完成

[0;36m→[0m 16:28:23 检测到新图片，开始同步...
[0;36m→[0m 16:28:23 检测到新图片，开始同步...

[1m═══ SMWSWK Photo Sync ═══[0m

[0;32m✓[0m 发现 6 张照片，开始处理...
[0;32m✓[0m 图片同步完成：6 张
[0;36m→[0m 生成图库数据：6 张
[0;36m→[0m 构建 Hugo 站点...
 Paginator pages  │  0 
 Non-page files   │  0 
 Static files     │ 28 
[0;32m✓[0m Hugo 构建完成
[0;36m→[0m 没有新的 Git 变更

[1m✓ 完成[0m

[0;32m✓[0m 16:28:26 同步完成
[0;32m✓[0m 16:28:26 同步完成

[0;32m✓[0m 16:28:51 开始监控：/Users/sunminwen/Documents/GitHub/smwswk.github.io/photo
[0;32m✓[0m 16:28:51 开始监控：/Users/sunminwen/Documents/GitHub/smwswk.github.io/photo
[0;36m→[0m 16:28:51 只需把图片拖到 photo/ 文件夹，会自动处理并上传
[0;36m→[0m 16:28:51 只需把图片拖到 photo/ 文件夹，会自动处理并上传
[0;36m→[0m 16:28:51 停止监控：bash watch_photos.sh stop
[0;36m→[0m 16:28:51 停止监控：bash watch_photos.sh stop

[0;36m→[0m 16:41:16 检测到新图片，开始同步...
[0;36m→[0m 16:41:16 检测到新图片，开始同步...

[1m═══ SMWSWK Photo Sync ═══[0m

[0;32m✓[0m 发现 6 张照片，开始处理...
[0;32m✓[0m 图片同步完成：6 张
[0;36m→[0m 生成图库数据：6 张
[0;36m→[0m 构建 Hugo 站点...
 Paginator pages  │  0 
 Non-page files   │  0 
 Static files     │ 28 
[0;32m✓[0m Hugo 构建完成
[0;36m→[0m 没有新的 Git 变更

[1m✓ 完成[0m

[0;32m✓[0m 16:41:19 同步完成
[0;32m✓[0m 16:41:19 同步完成

